{"level":"info","message":"POST / \u001b[33m401\u001b[0m 22ms","timestamp":"2025-05-02T22:48:00.645Z"}
{"level":"info","message":"GET /dashboard/stats \u001b[33m401\u001b[0m 2ms","timestamp":"2025-05-02T22:48:00.653Z"}
{"level":"info","message":"GET / \u001b[33m401\u001b[0m 1ms","timestamp":"2025-05-02T22:48:00.686Z"}
{"level":"info","message":"GET /dashboard/health \u001b[33m401\u001b[0m 4ms","timestamp":"2025-05-02T22:48:00.716Z"}
{"level":"info","message":"GET /templates \u001b[33m401\u001b[0m 3ms","timestamp":"2025-05-02T22:48:00.729Z"}
{"level":"info","message":"GET / \u001b[32m200\u001b[0m 43ms","timestamp":"2025-05-02T22:48:00.732Z"}
{"level":"info","message":"GET /dashboard/errors \u001b[33m401\u001b[0m 3ms","timestamp":"2025-05-02T22:48:00.758Z"}
{"level":"info","message":"GET /123 \u001b[31m500\u001b[0m 6ms","timestamp":"2025-05-02T22:48:00.776Z"}
{"level":"info","message":"GET /history \u001b[33m401\u001b[0m 4ms","timestamp":"2025-05-02T22:48:00.782Z"}
{"level":"info","message":"GET /users \u001b[33m401\u001b[0m 2ms","timestamp":"2025-05-02T22:48:00.788Z"}
{"level":"info","message":"POST /bulk \u001b[33m401\u001b[0m 3ms","timestamp":"2025-05-02T22:48:00.806Z"}
{"level":"info","message":"POST / \u001b[33m401\u001b[0m 3ms","timestamp":"2025-05-02T22:48:00.812Z"}
{"level":"info","message":"GET /users/1 \u001b[33m401\u001b[0m 1ms","timestamp":"2025-05-02T22:48:00.817Z"}
{"level":"info","message":"POST / \u001b[33m401\u001b[0m 1ms","timestamp":"2025-05-02T22:48:00.830Z"}
{"level":"info","message":"POST / \u001b[33m401\u001b[0m 2ms","timestamp":"2025-05-02T22:48:00.859Z"}
{"level":"info","message":"POST / \u001b[33m401\u001b[0m 3ms","timestamp":"2025-05-02T22:48:00.889Z"}
{"level":"info","message":"GET /users/1/actions \u001b[33m401\u001b[0m 1ms","timestamp":"2025-05-02T22:48:00.903Z"}
{"level":"info","message":"GET / \u001b[32m200\u001b[0m 12ms","timestamp":"2025-05-02T22:48:00.919Z"}
{"level":"info","message":"POST / \u001b[33m401\u001b[0m 1ms","timestamp":"2025-05-02T22:48:00.920Z"}
{"level":"info","message":"GET /approvals \u001b[33m401\u001b[0m 1ms","timestamp":"2025-05-02T22:48:00.929Z"}
{"level":"info","message":"POST / \u001b[33m401\u001b[0m 4ms","timestamp":"2025-05-02T22:48:00.946Z"}
{"level":"info","message":"GET /456 \u001b[31m500\u001b[0m 3ms","timestamp":"2025-05-02T22:48:00.951Z"}
{"level":"info","message":"POST / \u001b[33m401\u001b[0m 3ms","timestamp":"2025-05-02T22:48:00.977Z"}
{"level":"info","message":"GET /api/analytics/users \u001b[33m404\u001b[0m 7ms","timestamp":"2025-05-02T22:48:00.985Z"}
{"level":"info","message":"POST /approvals/bulk \u001b[33m401\u001b[0m 3ms","timestamp":"2025-05-02T22:48:00.993Z"}
{"level":"info","message":"GET /system/logs \u001b[33m401\u001b[0m 2ms","timestamp":"2025-05-02T22:48:01.023Z"}
{"level":"info","message":"GET /api/analytics/content \u001b[33m404\u001b[0m 5ms","timestamp":"2025-05-02T22:48:01.045Z"}
{"level":"info","message":"GET /system/metrics \u001b[33m401\u001b[0m 3ms","timestamp":"2025-05-02T22:48:01.051Z"}
{"level":"info","message":"GET /system/api-usage \u001b[33m401\u001b[0m 3ms","timestamp":"2025-05-02T22:48:01.076Z"}
{"level":"info","message":"GET /api/analytics/trips \u001b[33m404\u001b[0m 5ms","timestamp":"2025-05-02T22:48:01.090Z"}
{"level":"info","message":"GET /api/comments \u001b[33m404\u001b[0m 3ms","timestamp":"2025-05-02T22:48:01.096Z"}
{"level":"info","message":"GET /system/db-health \u001b[33m401\u001b[0m 1ms","timestamp":"2025-05-02T22:48:01.103Z"}
{"level":"info","message":"GET /api/analytics/engagement \u001b[33m404\u001b[0m 11ms","timestamp":"2025-05-02T22:48:01.130Z"}
{"level":"info","message":"POST /api/comments \u001b[33m404\u001b[0m 4ms","timestamp":"2025-05-02T22:48:01.131Z"}
{"level":"info","message":"GET / \u001b[33m401\u001b[0m 1ms","timestamp":"2025-05-02T22:48:01.162Z"}
{"level":"info","message":"GET /1 \u001b[33m401\u001b[0m 2ms","timestamp":"2025-05-02T22:48:01.183Z"}
{"level":"info","message":"GET /api/comments/user/123 \u001b[33m404\u001b[0m 1ms","timestamp":"2025-05-02T22:48:01.200Z"}
{"level":"info","message":"POST / \u001b[33m401\u001b[0m 3ms","timestamp":"2025-05-02T22:48:01.222Z"}
{"level":"info","message":"GET /api/comments/experience/789 \u001b[33m404\u001b[0m 1ms","timestamp":"2025-05-02T22:48:01.233Z"}
{"level":"info","message":"GET /stats \u001b[33m401\u001b[0m 1ms","timestamp":"2025-05-02T22:48:01.283Z"}
{"level":"info","message":"GET /api/analytics/users \u001b[33m404\u001b[0m 31ms","timestamp":"2025-05-02T22:48:26.563Z"}
{"level":"info","message":"GET / \u001b[32m200\u001b[0m 33ms","timestamp":"2025-05-02T22:48:26.577Z"}
{"level":"info","message":"GET /api/analytics/content \u001b[33m404\u001b[0m 6ms","timestamp":"2025-05-02T22:48:26.606Z"}
{"level":"info","message":"GET /dashboard/stats \u001b[33m401\u001b[0m 6ms","timestamp":"2025-05-02T22:48:26.622Z"}
{"level":"info","message":"GET /123 \u001b[31m500\u001b[0m 5ms","timestamp":"2025-05-02T22:48:26.631Z"}
{"level":"info","message":"POST / \u001b[33m401\u001b[0m 13ms","timestamp":"2025-05-02T22:48:26.645Z"}
{"level":"info","message":"GET /api/analytics/trips \u001b[33m404\u001b[0m 3ms","timestamp":"2025-05-02T22:48:26.650Z"}
{"level":"info","message":"POST / \u001b[33m401\u001b[0m 1ms","timestamp":"2025-05-02T22:48:26.675Z"}
{"level":"info","message":"GET /dashboard/health \u001b[33m401\u001b[0m 1ms","timestamp":"2025-05-02T22:48:26.681Z"}
{"level":"info","message":"GET /api/analytics/engagement \u001b[33m404\u001b[0m 4ms","timestamp":"2025-05-02T22:48:26.683Z"}
{"level":"info","message":"GET / \u001b[33m401\u001b[0m 4ms","timestamp":"2025-05-02T22:48:26.697Z"}
{"level":"info","message":"GET / \u001b[33m401\u001b[0m 1ms","timestamp":"2025-05-02T22:48:26.710Z"}
{"level":"info","message":"GET /dashboard/errors \u001b[33m401\u001b[0m 4ms","timestamp":"2025-05-02T22:48:26.722Z"}
{"level":"info","message":"GET /1 \u001b[33m401\u001b[0m 3ms","timestamp":"2025-05-02T22:48:26.737Z"}
{"level":"info","message":"GET /templates \u001b[33m401\u001b[0m 1ms","timestamp":"2025-05-02T22:48:26.741Z"}
{"level":"info","message":"GET /users \u001b[33m401\u001b[0m 0ms","timestamp":"2025-05-02T22:48:26.748Z"}
{"level":"info","message":"POST / \u001b[33m401\u001b[0m 1ms","timestamp":"2025-05-02T22:48:26.764Z"}
{"level":"info","message":"GET /users/1 \u001b[33m401\u001b[0m 1ms","timestamp":"2025-05-02T22:48:26.775Z"}
{"level":"info","message":"GET / \u001b[32m200\u001b[0m 10ms","timestamp":"2025-05-02T22:48:26.789Z"}
{"level":"info","message":"GET /history \u001b[33m401\u001b[0m 1ms","timestamp":"2025-05-02T22:48:26.791Z"}
{"level":"info","message":"GET /stats \u001b[33m401\u001b[0m 1ms","timestamp":"2025-05-02T22:48:26.814Z"}
{"level":"info","message":"GET /456 \u001b[31m500\u001b[0m 1ms","timestamp":"2025-05-02T22:48:26.816Z"}
{"level":"info","message":"POST /bulk \u001b[33m401\u001b[0m 3ms","timestamp":"2025-05-02T22:48:26.829Z"}
{"level":"info","message":"POST / \u001b[33m401\u001b[0m 1ms","timestamp":"2025-05-02T22:48:26.846Z"}
{"level":"info","message":"GET /users/1/actions \u001b[33m401\u001b[0m 0ms","timestamp":"2025-05-02T22:48:26.848Z"}
{"level":"info","message":"POST / \u001b[33m401\u001b[0m 1ms","timestamp":"2025-05-02T22:48:26.850Z"}
{"level":"info","message":"GET /approvals \u001b[33m401\u001b[0m 1ms","timestamp":"2025-05-02T22:48:26.879Z"}
{"level":"info","message":"POST / \u001b[33m401\u001b[0m 2ms","timestamp":"2025-05-02T22:48:26.882Z"}
{"level":"info","message":"POST / \u001b[33m401\u001b[0m 1ms","timestamp":"2025-05-02T22:48:26.911Z"}
{"level":"info","message":"POST / \u001b[33m401\u001b[0m 1ms","timestamp":"2025-05-02T22:48:26.944Z"}
{"level":"info","message":"POST /approvals/bulk \u001b[33m401\u001b[0m 1ms","timestamp":"2025-05-02T22:48:26.945Z"}
{"level":"info","message":"GET /api/comments \u001b[33m404\u001b[0m 2ms","timestamp":"2025-05-02T22:48:26.949Z"}
{"level":"info","message":"GET /system/logs \u001b[33m401\u001b[0m 1ms","timestamp":"2025-05-02T22:48:26.964Z"}
{"level":"info","message":"POST / \u001b[33m401\u001b[0m 1ms","timestamp":"2025-05-02T22:48:26.965Z"}
{"level":"info","message":"POST /api/comments \u001b[33m404\u001b[0m 5ms","timestamp":"2025-05-02T22:48:26.978Z"}
{"level":"info","message":"GET /system/metrics \u001b[33m401\u001b[0m 2ms","timestamp":"2025-05-02T22:48:26.992Z"}
{"level":"info","message":"GET /system/api-usage \u001b[33m401\u001b[0m 1ms","timestamp":"2025-05-02T22:48:27.016Z"}
{"level":"info","message":"GET /system/db-health \u001b[33m401\u001b[0m 1ms","timestamp":"2025-05-02T22:48:27.050Z"}
{"level":"info","message":"GET /api/comments/user/123 \u001b[33m404\u001b[0m 5ms","timestamp":"2025-05-02T22:48:27.057Z"}
{"level":"info","message":"GET /api/comments/experience/789 \u001b[33m404\u001b[0m 3ms","timestamp":"2025-05-02T22:48:27.084Z"}
{"level":"info","message":"Server is running in development mode on port 5000","timestamp":"2025-05-02T22:49:44.796Z"}
{"level":"info","message":"API Documentation available at http://localhost:5000/api-docs","timestamp":"2025-05-02T22:49:44.797Z"}
{"level":"info","message":"Server is running in development mode on port 5000","timestamp":"2025-05-02T22:49:46.557Z"}
{"level":"info","message":"API Documentation available at http://localhost:5000/api-docs","timestamp":"2025-05-02T22:49:46.558Z"}
{"level":"info","message":"Server is running in development mode on port 5000","timestamp":"2025-05-02T22:49:51.976Z"}
{"level":"info","message":"API Documentation available at http://localhost:5000/api-docs","timestamp":"2025-05-02T22:49:51.977Z"}
{"level":"info","message":"Server is running in development mode on port 5000","timestamp":"2025-05-02T22:50:00.216Z"}
{"level":"info","message":"API Documentation available at http://localhost:5000/api-docs","timestamp":"2025-05-02T22:50:00.217Z"}
{"level":"error","message":"Error 404: Not Found - /api/analytics/users","timestamp":"2025-05-02T22:50:08.386Z"}
{"level":"error","message":"Error: Not Found - /api/analytics/users\n    at notFound (file:///home/8l4z3/Misc/TheRealProject/Hermes/server/middleware/error.js:56:17)\n    at Layer.handleRequest (/home/8l4z3/Misc/TheRealProject/Hermes/server/node_modules/router/lib/layer.js:152:17)\n    at trimPrefix (/home/8l4z3/Misc/TheRealProject/Hermes/server/node_modules/router/index.js:342:13)\n    at /home/8l4z3/Misc/TheRealProject/Hermes/server/node_modules/router/index.js:297:9\n    at processParams (/home/8l4z3/Misc/TheRealProject/Hermes/server/node_modules/router/index.js:582:12)\n    at next (/home/8l4z3/Misc/TheRealProject/Hermes/server/node_modules/router/index.js:291:5)\n    at /home/8l4z3/Misc/TheRealProject/Hermes/server/node_modules/router/index.js:688:15\n    at next (/home/8l4z3/Misc/TheRealProject/Hermes/server/node_modules/router/index.js:276:14)\n    at Function.handle (/home/8l4z3/Misc/TheRealProject/Hermes/server/node_modules/router/index.js:186:3)\n    at router (/home/8l4z3/Misc/TheRealProject/Hermes/server/node_modules/router/index.js:60:12)","timestamp":"2025-05-02T22:50:08.389Z"}
{"level":"error","message":"Error 404: Not Found - /api/analytics/content","timestamp":"2025-05-02T22:50:08.459Z"}
{"level":"error","message":"Error: Not Found - /api/analytics/content\n    at notFound (file:///home/8l4z3/Misc/TheRealProject/Hermes/server/middleware/error.js:56:17)\n    at Layer.handleRequest (/home/8l4z3/Misc/TheRealProject/Hermes/server/node_modules/router/lib/layer.js:152:17)\n    at trimPrefix (/home/8l4z3/Misc/TheRealProject/Hermes/server/node_modules/router/index.js:342:13)\n    at /home/8l4z3/Misc/TheRealProject/Hermes/server/node_modules/router/index.js:297:9\n    at processParams (/home/8l4z3/Misc/TheRealProject/Hermes/server/node_modules/router/index.js:582:12)\n    at next (/home/8l4z3/Misc/TheRealProject/Hermes/server/node_modules/router/index.js:291:5)\n    at /home/8l4z3/Misc/TheRealProject/Hermes/server/node_modules/router/index.js:688:15\n    at next (/home/8l4z3/Misc/TheRealProject/Hermes/server/node_modules/router/index.js:276:14)\n    at Function.handle (/home/8l4z3/Misc/TheRealProject/Hermes/server/node_modules/router/index.js:186:3)\n    at router (/home/8l4z3/Misc/TheRealProject/Hermes/server/node_modules/router/index.js:60:12)","timestamp":"2025-05-02T22:50:08.462Z"}
{"level":"error","message":"Error 404: Not Found - /api/analytics/trips","timestamp":"2025-05-02T22:50:08.512Z"}
{"level":"error","message":"Error: Not Found - /api/analytics/trips\n    at notFound (file:///home/8l4z3/Misc/TheRealProject/Hermes/server/middleware/error.js:56:17)\n    at Layer.handleRequest (/home/8l4z3/Misc/TheRealProject/Hermes/server/node_modules/router/lib/layer.js:152:17)\n    at trimPrefix (/home/8l4z3/Misc/TheRealProject/Hermes/server/node_modules/router/index.js:342:13)\n    at /home/8l4z3/Misc/TheRealProject/Hermes/server/node_modules/router/index.js:297:9\n    at processParams (/home/8l4z3/Misc/TheRealProject/Hermes/server/node_modules/router/index.js:582:12)\n    at next (/home/8l4z3/Misc/TheRealProject/Hermes/server/node_modules/router/index.js:291:5)\n    at /home/8l4z3/Misc/TheRealProject/Hermes/server/node_modules/router/index.js:688:15\n    at next (/home/8l4z3/Misc/TheRealProject/Hermes/server/node_modules/router/index.js:276:14)\n    at Function.handle (/home/8l4z3/Misc/TheRealProject/Hermes/server/node_modules/router/index.js:186:3)\n    at router (/home/8l4z3/Misc/TheRealProject/Hermes/server/node_modules/router/index.js:60:12)","timestamp":"2025-05-02T22:50:08.513Z"}
{"level":"error","message":"Error 404: Not Found - /api/analytics/engagement","timestamp":"2025-05-02T22:50:08.550Z"}
{"level":"error","message":"Error: Not Found - /api/analytics/engagement\n    at notFound (file:///home/8l4z3/Misc/TheRealProject/Hermes/server/middleware/error.js:56:17)\n    at Layer.handleRequest (/home/8l4z3/Misc/TheRealProject/Hermes/server/node_modules/router/lib/layer.js:152:17)\n    at trimPrefix (/home/8l4z3/Misc/TheRealProject/Hermes/server/node_modules/router/index.js:342:13)\n    at /home/8l4z3/Misc/TheRealProject/Hermes/server/node_modules/router/index.js:297:9\n    at processParams (/home/8l4z3/Misc/TheRealProject/Hermes/server/node_modules/router/index.js:582:12)\n    at next (/home/8l4z3/Misc/TheRealProject/Hermes/server/node_modules/router/index.js:291:5)\n    at /home/8l4z3/Misc/TheRealProject/Hermes/server/node_modules/router/index.js:688:15\n    at next (/home/8l4z3/Misc/TheRealProject/Hermes/server/node_modules/router/index.js:276:14)\n    at Function.handle (/home/8l4z3/Misc/TheRealProject/Hermes/server/node_modules/router/index.js:186:3)\n    at router (/home/8l4z3/Misc/TheRealProject/Hermes/server/node_modules/router/index.js:60:12)","timestamp":"2025-05-02T22:50:08.552Z"}
{"level":"error","message":"Error 404: Not Found - /api/comments","timestamp":"2025-05-02T22:50:08.809Z"}
{"level":"error","message":"Error: Not Found - /api/comments\n    at notFound (file:///home/8l4z3/Misc/TheRealProject/Hermes/server/middleware/error.js:56:17)\n    at Layer.handleRequest (/home/8l4z3/Misc/TheRealProject/Hermes/server/node_modules/router/lib/layer.js:152:17)\n    at trimPrefix (/home/8l4z3/Misc/TheRealProject/Hermes/server/node_modules/router/index.js:342:13)\n    at /home/8l4z3/Misc/TheRealProject/Hermes/server/node_modules/router/index.js:297:9\n    at processParams (/home/8l4z3/Misc/TheRealProject/Hermes/server/node_modules/router/index.js:582:12)\n    at next (/home/8l4z3/Misc/TheRealProject/Hermes/server/node_modules/router/index.js:291:5)\n    at /home/8l4z3/Misc/TheRealProject/Hermes/server/node_modules/router/index.js:688:15\n    at next (/home/8l4z3/Misc/TheRealProject/Hermes/server/node_modules/router/index.js:276:14)\n    at Function.handle (/home/8l4z3/Misc/TheRealProject/Hermes/server/node_modules/router/index.js:186:3)\n    at router (/home/8l4z3/Misc/TheRealProject/Hermes/server/node_modules/router/index.js:60:12)","timestamp":"2025-05-02T22:50:08.809Z"}
{"level":"error","message":"Error 404: Not Found - /api/comments","timestamp":"2025-05-02T22:50:08.840Z"}
{"level":"error","message":"Error: Not Found - /api/comments\n    at notFound (file:///home/8l4z3/Misc/TheRealProject/Hermes/server/middleware/error.js:56:17)\n    at Layer.handleRequest (/home/8l4z3/Misc/TheRealProject/Hermes/server/node_modules/router/lib/layer.js:152:17)\n    at trimPrefix (/home/8l4z3/Misc/TheRealProject/Hermes/server/node_modules/router/index.js:342:13)\n    at /home/8l4z3/Misc/TheRealProject/Hermes/server/node_modules/router/index.js:297:9\n    at processParams (/home/8l4z3/Misc/TheRealProject/Hermes/server/node_modules/router/index.js:582:12)\n    at next (/home/8l4z3/Misc/TheRealProject/Hermes/server/node_modules/router/index.js:291:5)\n    at /home/8l4z3/Misc/TheRealProject/Hermes/server/node_modules/router/index.js:688:15\n    at next (/home/8l4z3/Misc/TheRealProject/Hermes/server/node_modules/router/index.js:276:14)\n    at Function.handle (/home/8l4z3/Misc/TheRealProject/Hermes/server/node_modules/router/index.js:186:3)\n    at router (/home/8l4z3/Misc/TheRealProject/Hermes/server/node_modules/router/index.js:60:12)","timestamp":"2025-05-02T22:50:08.840Z"}
{"level":"error","message":"Error 404: Not Found - /api/comments/user/123","timestamp":"2025-05-02T22:50:08.905Z"}
{"level":"error","message":"Error: Not Found - /api/comments/user/123\n    at notFound (file:///home/8l4z3/Misc/TheRealProject/Hermes/server/middleware/error.js:56:17)\n    at Layer.handleRequest (/home/8l4z3/Misc/TheRealProject/Hermes/server/node_modules/router/lib/layer.js:152:17)\n    at trimPrefix (/home/8l4z3/Misc/TheRealProject/Hermes/server/node_modules/router/index.js:342:13)\n    at /home/8l4z3/Misc/TheRealProject/Hermes/server/node_modules/router/index.js:297:9\n    at processParams (/home/8l4z3/Misc/TheRealProject/Hermes/server/node_modules/router/index.js:582:12)\n    at next (/home/8l4z3/Misc/TheRealProject/Hermes/server/node_modules/router/index.js:291:5)\n    at /home/8l4z3/Misc/TheRealProject/Hermes/server/node_modules/router/index.js:688:15\n    at next (/home/8l4z3/Misc/TheRealProject/Hermes/server/node_modules/router/index.js:276:14)\n    at Function.handle (/home/8l4z3/Misc/TheRealProject/Hermes/server/node_modules/router/index.js:186:3)\n    at router (/home/8l4z3/Misc/TheRealProject/Hermes/server/node_modules/router/index.js:60:12)","timestamp":"2025-05-02T22:50:08.905Z"}
{"level":"error","message":"Error 404: Not Found - /api/comments/experience/789","timestamp":"2025-05-02T22:50:08.944Z"}
{"level":"error","message":"Error: Not Found - /api/comments/experience/789\n    at notFound (file:///home/8l4z3/Misc/TheRealProject/Hermes/server/middleware/error.js:56:17)\n    at Layer.handleRequest (/home/8l4z3/Misc/TheRealProject/Hermes/server/node_modules/router/lib/layer.js:152:17)\n    at trimPrefix (/home/8l4z3/Misc/TheRealProject/Hermes/server/node_modules/router/index.js:342:13)\n    at /home/8l4z3/Misc/TheRealProject/Hermes/server/node_modules/router/index.js:297:9\n    at processParams (/home/8l4z3/Misc/TheRealProject/Hermes/server/node_modules/router/index.js:582:12)\n    at next (/home/8l4z3/Misc/TheRealProject/Hermes/server/node_modules/router/index.js:291:5)\n    at /home/8l4z3/Misc/TheRealProject/Hermes/server/node_modules/router/index.js:688:15\n    at next (/home/8l4z3/Misc/TheRealProject/Hermes/server/node_modules/router/index.js:276:14)\n    at Function.handle (/home/8l4z3/Misc/TheRealProject/Hermes/server/node_modules/router/index.js:186:3)\n    at router (/home/8l4z3/Misc/TheRealProject/Hermes/server/node_modules/router/index.js:60:12)","timestamp":"2025-05-02T22:50:08.944Z"}
{"level":"info","message":"Server is running in development mode on port 5000","timestamp":"2025-05-02T22:51:05.169Z"}
{"level":"info","message":"API Documentation available at http://localhost:5000/api-docs","timestamp":"2025-05-02T22:51:05.170Z"}
{"level":"error","message":"Error 404: Not Found - /api/analytics/users","timestamp":"2025-05-02T22:51:16.501Z"}
{"level":"error","message":"Error: Not Found - /api/analytics/users\n    at notFound (file:///home/8l4z3/Misc/TheRealProject/Hermes/server/middleware/error.js:56:17)\n    at Layer.handleRequest (/home/8l4z3/Misc/TheRealProject/Hermes/server/node_modules/router/lib/layer.js:152:17)\n    at trimPrefix (/home/8l4z3/Misc/TheRealProject/Hermes/server/node_modules/router/index.js:342:13)\n    at /home/8l4z3/Misc/TheRealProject/Hermes/server/node_modules/router/index.js:297:9\n    at processParams (/home/8l4z3/Misc/TheRealProject/Hermes/server/node_modules/router/index.js:582:12)\n    at next (/home/8l4z3/Misc/TheRealProject/Hermes/server/node_modules/router/index.js:291:5)\n    at /home/8l4z3/Misc/TheRealProject/Hermes/server/node_modules/router/index.js:688:15\n    at next (/home/8l4z3/Misc/TheRealProject/Hermes/server/node_modules/router/index.js:276:14)\n    at Function.handle (/home/8l4z3/Misc/TheRealProject/Hermes/server/node_modules/router/index.js:186:3)\n    at router (/home/8l4z3/Misc/TheRealProject/Hermes/server/node_modules/router/index.js:60:12)","timestamp":"2025-05-02T22:51:16.505Z"}
{"level":"error","message":"Error 404: Not Found - /api/analytics/content","timestamp":"2025-05-02T22:51:16.572Z"}
{"level":"error","message":"Error: Not Found - /api/analytics/content\n    at notFound (file:///home/8l4z3/Misc/TheRealProject/Hermes/server/middleware/error.js:56:17)\n    at Layer.handleRequest (/home/8l4z3/Misc/TheRealProject/Hermes/server/node_modules/router/lib/layer.js:152:17)\n    at trimPrefix (/home/8l4z3/Misc/TheRealProject/Hermes/server/node_modules/router/index.js:342:13)\n    at /home/8l4z3/Misc/TheRealProject/Hermes/server/node_modules/router/index.js:297:9\n    at processParams (/home/8l4z3/Misc/TheRealProject/Hermes/server/node_modules/router/index.js:582:12)\n    at next (/home/8l4z3/Misc/TheRealProject/Hermes/server/node_modules/router/index.js:291:5)\n    at /home/8l4z3/Misc/TheRealProject/Hermes/server/node_modules/router/index.js:688:15\n    at next (/home/8l4z3/Misc/TheRealProject/Hermes/server/node_modules/router/index.js:276:14)\n    at Function.handle (/home/8l4z3/Misc/TheRealProject/Hermes/server/node_modules/router/index.js:186:3)\n    at router (/home/8l4z3/Misc/TheRealProject/Hermes/server/node_modules/router/index.js:60:12)","timestamp":"2025-05-02T22:51:16.576Z"}
{"level":"error","message":"Error 404: Not Found - /api/analytics/trips","timestamp":"2025-05-02T22:51:16.628Z"}
{"level":"error","message":"Error: Not Found - /api/analytics/trips\n    at notFound (file:///home/8l4z3/Misc/TheRealProject/Hermes/server/middleware/error.js:56:17)\n    at Layer.handleRequest (/home/8l4z3/Misc/TheRealProject/Hermes/server/node_modules/router/lib/layer.js:152:17)\n    at trimPrefix (/home/8l4z3/Misc/TheRealProject/Hermes/server/node_modules/router/index.js:342:13)\n    at /home/8l4z3/Misc/TheRealProject/Hermes/server/node_modules/router/index.js:297:9\n    at processParams (/home/8l4z3/Misc/TheRealProject/Hermes/server/node_modules/router/index.js:582:12)\n    at next (/home/8l4z3/Misc/TheRealProject/Hermes/server/node_modules/router/index.js:291:5)\n    at /home/8l4z3/Misc/TheRealProject/Hermes/server/node_modules/router/index.js:688:15\n    at next (/home/8l4z3/Misc/TheRealProject/Hermes/server/node_modules/router/index.js:276:14)\n    at Function.handle (/home/8l4z3/Misc/TheRealProject/Hermes/server/node_modules/router/index.js:186:3)\n    at router (/home/8l4z3/Misc/TheRealProject/Hermes/server/node_modules/router/index.js:60:12)","timestamp":"2025-05-02T22:51:16.628Z"}
{"level":"error","message":"Error 404: Not Found - /api/analytics/engagement","timestamp":"2025-05-02T22:51:16.678Z"}
{"level":"error","message":"Error: Not Found - /api/analytics/engagement\n    at notFound (file:///home/8l4z3/Misc/TheRealProject/Hermes/server/middleware/error.js:56:17)\n    at Layer.handleRequest (/home/8l4z3/Misc/TheRealProject/Hermes/server/node_modules/router/lib/layer.js:152:17)\n    at trimPrefix (/home/8l4z3/Misc/TheRealProject/Hermes/server/node_modules/router/index.js:342:13)\n    at /home/8l4z3/Misc/TheRealProject/Hermes/server/node_modules/router/index.js:297:9\n    at processParams (/home/8l4z3/Misc/TheRealProject/Hermes/server/node_modules/router/index.js:582:12)\n    at next (/home/8l4z3/Misc/TheRealProject/Hermes/server/node_modules/router/index.js:291:5)\n    at /home/8l4z3/Misc/TheRealProject/Hermes/server/node_modules/router/index.js:688:15\n    at next (/home/8l4z3/Misc/TheRealProject/Hermes/server/node_modules/router/index.js:276:14)\n    at Function.handle (/home/8l4z3/Misc/TheRealProject/Hermes/server/node_modules/router/index.js:186:3)\n    at router (/home/8l4z3/Misc/TheRealProject/Hermes/server/node_modules/router/index.js:60:12)","timestamp":"2025-05-02T22:51:16.678Z"}
{"level":"error","message":"Error 404: Not Found - /api/comments","timestamp":"2025-05-02T22:51:16.927Z"}
{"level":"error","message":"Error: Not Found - /api/comments\n    at notFound (file:///home/8l4z3/Misc/TheRealProject/Hermes/server/middleware/error.js:56:17)\n    at Layer.handleRequest (/home/8l4z3/Misc/TheRealProject/Hermes/server/node_modules/router/lib/layer.js:152:17)\n    at trimPrefix (/home/8l4z3/Misc/TheRealProject/Hermes/server/node_modules/router/index.js:342:13)\n    at /home/8l4z3/Misc/TheRealProject/Hermes/server/node_modules/router/index.js:297:9\n    at processParams (/home/8l4z3/Misc/TheRealProject/Hermes/server/node_modules/router/index.js:582:12)\n    at next (/home/8l4z3/Misc/TheRealProject/Hermes/server/node_modules/router/index.js:291:5)\n    at /home/8l4z3/Misc/TheRealProject/Hermes/server/node_modules/router/index.js:688:15\n    at next (/home/8l4z3/Misc/TheRealProject/Hermes/server/node_modules/router/index.js:276:14)\n    at Function.handle (/home/8l4z3/Misc/TheRealProject/Hermes/server/node_modules/router/index.js:186:3)\n    at router (/home/8l4z3/Misc/TheRealProject/Hermes/server/node_modules/router/index.js:60:12)","timestamp":"2025-05-02T22:51:16.928Z"}
{"level":"error","message":"Error 404: Not Found - /api/comments","timestamp":"2025-05-02T22:51:16.957Z"}
{"level":"error","message":"Error: Not Found - /api/comments\n    at notFound (file:///home/8l4z3/Misc/TheRealProject/Hermes/server/middleware/error.js:56:17)\n    at Layer.handleRequest (/home/8l4z3/Misc/TheRealProject/Hermes/server/node_modules/router/lib/layer.js:152:17)\n    at trimPrefix (/home/8l4z3/Misc/TheRealProject/Hermes/server/node_modules/router/index.js:342:13)\n    at /home/8l4z3/Misc/TheRealProject/Hermes/server/node_modules/router/index.js:297:9\n    at processParams (/home/8l4z3/Misc/TheRealProject/Hermes/server/node_modules/router/index.js:582:12)\n    at next (/home/8l4z3/Misc/TheRealProject/Hermes/server/node_modules/router/index.js:291:5)\n    at /home/8l4z3/Misc/TheRealProject/Hermes/server/node_modules/router/index.js:688:15\n    at next (/home/8l4z3/Misc/TheRealProject/Hermes/server/node_modules/router/index.js:276:14)\n    at Function.handle (/home/8l4z3/Misc/TheRealProject/Hermes/server/node_modules/router/index.js:186:3)\n    at router (/home/8l4z3/Misc/TheRealProject/Hermes/server/node_modules/router/index.js:60:12)","timestamp":"2025-05-02T22:51:16.957Z"}
{"level":"error","message":"Error 404: Not Found - /api/comments/user/123","timestamp":"2025-05-02T22:51:17.021Z"}
{"level":"error","message":"Error: Not Found - /api/comments/user/123\n    at notFound (file:///home/8l4z3/Misc/TheRealProject/Hermes/server/middleware/error.js:56:17)\n    at Layer.handleRequest (/home/8l4z3/Misc/TheRealProject/Hermes/server/node_modules/router/lib/layer.js:152:17)\n    at trimPrefix (/home/8l4z3/Misc/TheRealProject/Hermes/server/node_modules/router/index.js:342:13)\n    at /home/8l4z3/Misc/TheRealProject/Hermes/server/node_modules/router/index.js:297:9\n    at processParams (/home/8l4z3/Misc/TheRealProject/Hermes/server/node_modules/router/index.js:582:12)\n    at next (/home/8l4z3/Misc/TheRealProject/Hermes/server/node_modules/router/index.js:291:5)\n    at /home/8l4z3/Misc/TheRealProject/Hermes/server/node_modules/router/index.js:688:15\n    at next (/home/8l4z3/Misc/TheRealProject/Hermes/server/node_modules/router/index.js:276:14)\n    at Function.handle (/home/8l4z3/Misc/TheRealProject/Hermes/server/node_modules/router/index.js:186:3)\n    at router (/home/8l4z3/Misc/TheRealProject/Hermes/server/node_modules/router/index.js:60:12)","timestamp":"2025-05-02T22:51:17.021Z"}
{"level":"error","message":"Error 404: Not Found - /api/comments/experience/789","timestamp":"2025-05-02T22:51:17.067Z"}
{"level":"error","message":"Error: Not Found - /api/comments/experience/789\n    at notFound (file:///home/8l4z3/Misc/TheRealProject/Hermes/server/middleware/error.js:56:17)\n    at Layer.handleRequest (/home/8l4z3/Misc/TheRealProject/Hermes/server/node_modules/router/lib/layer.js:152:17)\n    at trimPrefix (/home/8l4z3/Misc/TheRealProject/Hermes/server/node_modules/router/index.js:342:13)\n    at /home/8l4z3/Misc/TheRealProject/Hermes/server/node_modules/router/index.js:297:9\n    at processParams (/home/8l4z3/Misc/TheRealProject/Hermes/server/node_modules/router/index.js:582:12)\n    at next (/home/8l4z3/Misc/TheRealProject/Hermes/server/node_modules/router/index.js:291:5)\n    at /home/8l4z3/Misc/TheRealProject/Hermes/server/node_modules/router/index.js:688:15\n    at next (/home/8l4z3/Misc/TheRealProject/Hermes/server/node_modules/router/index.js:276:14)\n    at Function.handle (/home/8l4z3/Misc/TheRealProject/Hermes/server/node_modules/router/index.js:186:3)\n    at router (/home/8l4z3/Misc/TheRealProject/Hermes/server/node_modules/router/index.js:60:12)","timestamp":"2025-05-02T22:51:17.069Z"}
{"level":"info","message":"Server is running in development mode on port 5000","timestamp":"2025-05-02T22:52:24.500Z"}
{"level":"info","message":"API Documentation available at http://localhost:5000/api-docs","timestamp":"2025-05-02T22:52:24.501Z"}
{"level":"info","message":"Server is running in development mode on port 5000","timestamp":"2025-05-02T22:52:27.653Z"}
{"level":"info","message":"API Documentation available at http://localhost:5000/api-docs","timestamp":"2025-05-02T22:52:27.654Z"}
{"level":"info","message":"Server is running in development mode on port 5000","timestamp":"2025-05-02T22:52:32.773Z"}
{"level":"info","message":"API Documentation available at http://localhost:5000/api-docs","timestamp":"2025-05-02T22:52:32.774Z"}
{"level":"info","message":"Server is running in development mode on port 5000","timestamp":"2025-05-02T22:52:42.522Z"}
{"level":"info","message":"API Documentation available at http://localhost:5000/api-docs","timestamp":"2025-05-02T22:52:42.525Z"}
{"level":"info","message":"Server is running in development mode on port 5000","timestamp":"2025-05-02T22:52:45.831Z"}
{"level":"info","message":"API Documentation available at http://localhost:5000/api-docs","timestamp":"2025-05-02T22:52:45.832Z"}
{"level":"info","message":"Server is running in development mode on port 5000","timestamp":"2025-05-02T22:52:46.720Z"}
{"level":"info","message":"API Documentation available at http://localhost:5000/api-docs","timestamp":"2025-05-02T22:52:46.721Z"}
{"level":"info","message":"Server is running in development mode on port 5000","timestamp":"2025-05-02T22:55:32.363Z"}
{"level":"info","message":"API Documentation available at http://localhost:5000/api-docs","timestamp":"2025-05-02T22:55:32.365Z"}
{"level":"info","message":"Server is running in development mode on port 5000","timestamp":"2025-05-02T22:55:39.100Z"}
{"level":"info","message":"API Documentation available at http://localhost:5000/api-docs","timestamp":"2025-05-02T22:55:39.102Z"}
{"level":"info","message":"Server is running in development mode on port 5000","timestamp":"2025-05-02T22:55:54.861Z"}
{"level":"info","message":"API Documentation available at http://localhost:5000/api-docs","timestamp":"2025-05-02T22:55:54.862Z"}
{"level":"info","message":"Server is running in development mode on port 5000","timestamp":"2025-05-02T22:57:14.679Z"}
{"level":"info","message":"API Documentation available at http://localhost:5000/api-docs","timestamp":"2025-05-02T22:57:14.681Z"}
